mads 2.0.6 build 58 (28 Jan 17)
Source: C:\Users\uk000566\Documents\eclipse-workspace\Kane\Behold\Includes\macros.asm
     1 				; *******************************************
     2 				; Macros
     3 				; Kane / Suspect
     4 				; *******************************************
     5
     6 				.ifndef MACROS_ASM
     7
     8 				.macro WaitMs ms
     9 				;	pha
    10 				;	lda	#:ms
    11 				;	jsr	waitMils
    12 				;	pla
    13 					pha
    14 					txa
    15 					pha
    16 					ldx	#:ms
    17 					jsr	vblank.n
    18 					pla
    19 					tax
    20 					pla
    21 				.endm
    22
    23 				.endif
